1630752765959:help
1630752776373:show-users --all
1630753801664:show-users --all --num 10
1630753839551:show-users --num 1
1630813606923:help
1630813622631:helo show-users
1630813629351:help show-users
1630813752452:show-load
1630815064757:help
1630815069406:show-load
1630818957113:help
1630818963852:show-load
1630820179974:quit
1630821111887:show-load
1630821120913:quit
1630821489038:add 1 5
1630821492847:exit
1630823276075:show-load
1630824028926:show-users --all
1630824087467:show-users --num 2
1630824266670:show-users --all
1630825869571:show-load
1630825908593:show-users -N 2
1630825929739:show-users --num 5
1630827901809:help
1630827922697:show-users --all
1630827939543:show-load
1630827992297:show-users -N 10
1630828012383:show-user --uid 10000141
1630828130064:help show-user;
1630828137695:help show-user
1630828199634:help show-users
1630828211467:help
1630829509401:show-load
1630829513483:help
1630829516597:check-load
1630829530088:stacktrace
1630829606869:check-load
1630829615757:help
1630830252675:show-users -u 1
1630830264579:help show-users
1630832165732:help
1630832184890:show-group -all
1630832200338:show-user -all
1630832208731:check-load
1630833161377:clear
1630833166091:help
1630833173545:clear
1630833263396:help quit
1630833267630:quit
1630833480104:show-user
1630833485729:help show-user
1630833509238:show-group -u 8
